info it worked if it ends with ok
verbose cli [ 'node', '/usr/local/bin/npm', 'install', 'package' ]
info using npm@1.0.106
info using node@v0.6.1
verbose /usr/local/bin/node node symlink
verbose config file /Users/tbugai/.npmrc
verbose config file /usr/local/etc/npmrc
verbose config file /usr/local/lib/node_modules/npm/npmrc
silly testEngine { name: 'hosted-hubot',
silly testEngine   version: '0.1.0',
silly testEngine   author: { name: 'GitHub Inc.' },
silly testEngine   keywords: [ 'github hubot campfire bot' ],
silly testEngine   description: 'A simple helpful Robot for your Company',
silly testEngine   licenses: 
silly testEngine    [ { type: 'MIT',
silly testEngine        url: 'http://github.com/github/hubot/raw/master/LICENSE' } ],
silly testEngine   repository: { type: 'git', url: 'git://github.com/github/hubot.git' },
silly testEngine   dependencies: 
silly testEngine    { hubot: '1.1.11',
silly testEngine      'hubot-scripts': '1.1.7',
silly testEngine      optparse: '1.0.3',
silly testEngine      sprintf: '0.1.1',
silly testEngine      path: '0.4.9' },
silly testEngine   _id: 'hosted-hubot@0.1.0',
silly testEngine   devDependencies: {},
silly testEngine   engines: { node: '*' },
silly testEngine   _engineSupported: true,
silly testEngine   _npmVersion: '1.0.106',
silly testEngine   _nodeVersion: 'v0.6.1',
silly testEngine   _defaultsLoaded: true }
verbose caching /Users/tbugai/Code/CollectiveIdea/HAL9000/package.json
verbose loadDefaults hosted-hubot@0.1.0
silly testEngine { name: 'hubot-scripts',
silly testEngine   version: '1.1.7',
silly testEngine   author: { name: 'hubot' },
silly testEngine   keywords: [ 'hubot plugin scripts campfire bot robot' ],
silly testEngine   description: 'Allows you to opt in to a variety of scripts',
silly testEngine   licenses: 
silly testEngine    [ { type: 'MIT',
silly testEngine        url: 'http://github.com/github/hubot-scripts/raw/master/LICENSE' } ],
silly testEngine   repository: 
silly testEngine    { type: 'git',
silly testEngine      url: 'git://github.com/github/hubot-scripts.git' },
silly testEngine   dependencies: 
silly testEngine    { hubot: '>= 1.1.2',
silly testEngine      redis: '0.6.7',
silly testEngine      jsdom: '==0.2.0',
silly testEngine      xml2js: '0.1.x',
silly testEngine      wolfram: '0.1.1',
silly testEngine      soupselect: '0.2.0',
silly testEngine      htmlparser: '1.7.x',
silly testEngine      sprintf: '0.1.1',
silly testEngine      hashlib: '1.0.1',
silly testEngine      wwwdude: '0.1.0',
silly testEngine      pypi: '0.1.0' },
silly testEngine   directories: { lib: './src' },
silly testEngine   engine: 'node >= 0.4.1 < 0.5.0',
silly testEngine   _id: 'hubot-scripts@1.1.7',
silly testEngine   devDependencies: {},
silly testEngine   engines: { node: '*' },
silly testEngine   _engineSupported: true,
silly testEngine   _npmVersion: '1.0.106',
silly testEngine   _nodeVersion: 'v0.6.1',
silly testEngine   _defaultsLoaded: true }
verbose caching /Users/tbugai/Code/CollectiveIdea/HAL9000/node_modules/hubot-scripts/package.json
verbose loadDefaults hubot-scripts@1.1.7
silly testEngine { name: 'optparse',
silly testEngine   author: { name: 'Johan Dahlberg' },
silly testEngine   description: 'Command-line option parser',
silly testEngine   keywords: [ 'option', 'parser', 'command-line', 'cli', 'terminal' ],
silly testEngine   version: '1.0.3',
silly testEngine   main: './lib/optparse',
silly testEngine   _id: 'optparse@1.0.3',
silly testEngine   dependencies: {},
silly testEngine   devDependencies: {},
silly testEngine   engines: { node: '*' },
silly testEngine   _engineSupported: true,
silly testEngine   _npmVersion: '1.0.106',
silly testEngine   _nodeVersion: 'v0.6.1',
silly testEngine   _defaultsLoaded: true }
verbose caching /Users/tbugai/Code/CollectiveIdea/HAL9000/node_modules/optparse/package.json
verbose loadDefaults optparse@1.0.3
silly testEngine { author: { name: 'Joyent', url: 'http://www.joyent.com' },
silly testEngine   name: 'path',
silly testEngine   description: 'Node.JS path module',
silly testEngine   keywords: [ 'ender', 'path' ],
silly testEngine   version: '0.4.9',
silly testEngine   homepage: 'http://nodejs.org/docs/v0.4.9/api/path.html',
silly testEngine   repository: 
silly testEngine    { type: 'git',
silly testEngine      url: 'git://github.com/coolaj86/nodejs-libs-4-browser.git' },
silly testEngine   main: './path.js',
silly testEngine   directories: { lib: '.' },
silly testEngine   engines: { node: '>= 0.2.0', ender: '>= 0.5.0' },
silly testEngine   dependencies: {},
silly testEngine   devDependencies: {},
silly testEngine   _id: 'path@0.4.9',
silly testEngine   _engineSupported: true,
silly testEngine   _npmVersion: '1.0.106',
silly testEngine   _nodeVersion: 'v0.6.1',
silly testEngine   _defaultsLoaded: true }
verbose caching /Users/tbugai/Code/CollectiveIdea/HAL9000/node_modules/path/package.json
verbose loadDefaults path@0.4.9
silly testEngine { name: 'redis',
silly testEngine   version: '0.7.1',
silly testEngine   description: 'Redis client library',
silly testEngine   author: { name: 'Matt Ranney', email: 'mjr@ranney.com' },
silly testEngine   contributors: 
silly testEngine    [ { name: 'Rick Olson' },
silly testEngine      { name: 'Tim-Smart' },
silly testEngine      { name: 'TJ Holowaychuk' },
silly testEngine      { name: 'Orion Henry' },
silly testEngine      { name: 'Hank Sims' },
silly testEngine      { name: 'Aivo Paas' },
silly testEngine      { name: 'Paul Carey' },
silly testEngine      { name: 'Pieter Noordhuis' },
silly testEngine      { name: 'Andy Ray' },
silly testEngine      { name: 'Vladimir Dronnikov' },
silly testEngine      { name: 'Dave Hoover' } ],
silly testEngine   main: './index.js',
silly testEngine   scripts: { test: 'node ./test.js' },
silly testEngine   devDependencies: { metrics: '>=0.1.5' },
silly testEngine   repository: { type: 'git', url: 'git://github.com/mranney/node_redis.git' },
silly testEngine   _id: 'redis@0.7.1',
silly testEngine   dependencies: {},
silly testEngine   engines: { node: '*' },
silly testEngine   _engineSupported: true,
silly testEngine   _npmVersion: '1.0.106',
silly testEngine   _nodeVersion: 'v0.6.1',
silly testEngine   _defaultsLoaded: true }
verbose caching /Users/tbugai/Code/CollectiveIdea/HAL9000/node_modules/redis/package.json
verbose loadDefaults redis@0.7.1
silly testEngine { name: 'sprintf',
silly testEngine   version: '0.1.1',
silly testEngine   engines: { node: '>=0.2.4' },
silly testEngine   author: { name: 'Moritz Peters' },
silly testEngine   directories: { lib: './lib' },
silly testEngine   description: 'Sprintf() for node.js',
silly testEngine   main: './lib/sprintf',
silly testEngine   _id: 'sprintf@0.1.1',
silly testEngine   dependencies: {},
silly testEngine   devDependencies: {},
silly testEngine   _engineSupported: true,
silly testEngine   _npmVersion: '1.0.106',
silly testEngine   _nodeVersion: 'v0.6.1',
silly testEngine   _defaultsLoaded: true }
verbose caching /Users/tbugai/Code/CollectiveIdea/HAL9000/node_modules/sprintf/package.json
verbose loadDefaults sprintf@0.1.1
verbose from cache /Users/tbugai/Code/CollectiveIdea/HAL9000/package.json
verbose into /Users/tbugai/Code/CollectiveIdea/HAL9000 [ 'package' ]
verbose cache add package
verbose cache add [ 'package', null ]
silly cache add: name, spec, args [ undefined, 'package', [ 'package', null ] ]
verbose parsed url { pathname: 'package', path: 'package', href: 'package' }
info addNamed [ 'package', '' ]
verbose addNamed [ null, '' ]
verbose GET package
verbose raw, before any munging package
verbose url resolving [ 'https://registry.npmjs.org/', './package' ]
verbose url resolved https://registry.npmjs.org/package
silly get cb [ 404,
silly get cb   { server: 'CouchDB/1.1.0 (Erlang OTP/R14B04)',
silly get cb     date: 'Mon, 28 Nov 2011 19:23:54 GMT',
silly get cb     'content-type': 'application/json',
silly get cb     'content-length': '52',
silly get cb     'cache-control': 'must-revalidate' } ]
ERR! 404 'package' is not in the npm registry.
ERR! 404 You could maybe bug the author to publish it
ERR! 404 Note that you can also install from a tarball or folder.
ERR! 
ERR! System Darwin 11.2.0
ERR! command "node" "/usr/local/bin/npm" "install" "package"
ERR! cwd /Users/tbugai/Code/CollectiveIdea/HAL9000
ERR! node -v v0.6.1
ERR! npm -v 1.0.106
ERR! code E404
verbose exit [ 1, true ]
